{"level":"info","message":"Hello from Acquisitions API!","service":"acquisitions-api"}
{"level":"info","message":"Hello from Acquisitions API!","service":"acquisitions-api"}
{"level":"info","message":"::1 - - [07/Oct/2025:09:50:21 +0000] \"GET / HTTP/1.1\" 304 - \"-\" \"Mozilla/5.0 (Macintosh; Intel Mac OS X 10_15_7) AppleWebKit/537.36 (KHTML, like Gecko) Chrome/140.0.0.0 Safari/537.36\"","service":"acquisitions-api"}
{"level":"info","message":"Hello from Acquisitions API!","service":"acquisitions-api"}
{"level":"info","message":"::1 - - [07/Oct/2025:10:00:08 +0000] \"GET / HTTP/1.1\" 200 24 \"-\" \"PostmanRuntime/7.48.0\"","service":"acquisitions-api"}
{"level":"info","message":"::1 - - [07/Oct/2025:10:00:24 +0000] \"POST /api/auth/sign-up HTTP/1.1\" 200 10 \"-\" \"PostmanRuntime/7.48.0\"","service":"acquisitions-api"}
{"level":"info","message":"::1 - - [07/Oct/2025:10:00:37 +0000] \"POST /api/auth/sign-in HTTP/1.1\" 200 10 \"-\" \"PostmanRuntime/7.48.0\"","service":"acquisitions-api"}
{"level":"info","message":"::1 - - [07/Oct/2025:10:00:50 +0000] \"POST /api/auth/sign-out HTTP/1.1\" 200 11 \"-\" \"PostmanRuntime/7.48.0\"","service":"acquisitions-api"}
{"level":"info","message":"::1 - - [07/Oct/2025:10:01:12 +0000] \"POST /api/auth/sign-up HTTP/1.1\" 200 10 \"-\" \"PostmanRuntime/7.48.0\"","service":"acquisitions-api"}
{"level":"info","message":"::1 - - [07/Oct/2025:10:03:40 +0000] \"GET /health HTTP/1.1\" 200 41 \"-\" \"PostmanRuntime/7.48.0\"","service":"acquisitions-api"}
{"level":"info","message":"::1 - - [07/Oct/2025:10:04:20 +0000] \"GET /health HTTP/1.1\" 200 54 \"-\" \"PostmanRuntime/7.48.0\"","service":"acquisitions-api"}
{"level":"info","message":"::1 - - [07/Oct/2025:10:05:09 +0000] \"GET /health HTTP/1.1\" 200 76 \"-\" \"PostmanRuntime/7.48.0\"","service":"acquisitions-api"}
{"level":"info","message":"::1 - - [07/Oct/2025:10:06:33 +0000] \"GET /api HTTP/1.1\" 200 42 \"-\" \"PostmanRuntime/7.48.0\"","service":"acquisitions-api"}
{"level":"info","message":"User successfully registered: seunjay92@gmail.com","service":"acquisitions-api"}
{"level":"info","message":"::1 - - [07/Oct/2025:11:13:45 +0000] \"POST /api/auth/sign-up HTTP/1.1\" 201 116 \"-\" \"PostmanRuntime/7.48.0\"","service":"acquisitions-api"}
{"level":"info","message":"::1 - - [07/Oct/2025:11:14:01 +0000] \"POST /api/auth/sign-up HTTP/1.1\" 400 63 \"-\" \"PostmanRuntime/7.48.0\"","service":"acquisitions-api"}
{"level":"info","message":"User successfully registered: seunjay92@gmail.com","service":"acquisitions-api"}
{"level":"info","message":"::1 - - [07/Oct/2025:11:14:21 +0000] \"POST /api/auth/sign-up HTTP/1.1\" 201 101 \"-\" \"PostmanRuntime/7.48.0\"","service":"acquisitions-api"}
{"level":"info","message":"::1 - - [07/Oct/2025:11:14:34 +0000] \"POST /api/auth/sign-up HTTP/1.1\" 400 91 \"-\" \"PostmanRuntime/7.48.0\"","service":"acquisitions-api"}
{"level":"info","message":"::1 - - [07/Oct/2025:11:14:41 +0000] \"POST /api/auth/sign-up HTTP/1.1\" 400 114 \"-\" \"PostmanRuntime/7.48.0\"","service":"acquisitions-api"}
{"level":"info","message":"::1 - - [07/Oct/2025:11:14:57 +0000] \"POST /api/auth/sign-up HTTP/1.1\" 400 165 \"-\" \"PostmanRuntime/7.48.0\"","service":"acquisitions-api"}
{"level":"info","message":"User with email of oiza@gmail.com created successfully!","service":"acquisitions-api"}
{"level":"info","message":"::1 - - [08/Oct/2025:05:23:10 +0000] \"POST /api/auth/sign-up HTTP/1.1\" 201 353 \"-\" \"PostmanRuntime/7.48.0\"","service":"acquisitions-api"}
{"level":"error","message":"Error creating a user  User already exists!","service":"acquisitions-api","stack":"Error: User already exists!\n    at createUser (file:///Users/oluwaseunjayeoba/Documents/acquisitions/src/services/auth.service.js:24:40)\n    at process.processTicksAndRejections (node:internal/process/task_queues:105:5)\n    at async signUp (file:///Users/oluwaseunjayeoba/Documents/acquisitions/src/controllers/auth.controller.js:21:21)"}
{"level":"error","message":"Sign up error  Error creating a user ","service":"acquisitions-api","stack":"Error: Error creating a user \n    at createUser (file:///Users/oluwaseunjayeoba/Documents/acquisitions/src/services/auth.service.js:48:11)\n    at process.processTicksAndRejections (node:internal/process/task_queues:105:5)\n    at async signUp (file:///Users/oluwaseunjayeoba/Documents/acquisitions/src/controllers/auth.controller.js:21:21)"}
{"level":"info","message":"::1 - - [08/Oct/2025:05:26:22 +0000] \"POST /api/auth/sign-up HTTP/1.1\" 500 504 \"-\" \"PostmanRuntime/7.48.0\"","service":"acquisitions-api"}
{"level":"info","message":"User with email of seunjay92@gmail.com created successfully!","service":"acquisitions-api"}
{"level":"info","message":"::1 - - [08/Oct/2025:05:27:43 +0000] \"POST /api/auth/sign-up HTTP/1.1\" 201 365 \"-\" \"PostmanRuntime/7.48.0\"","service":"acquisitions-api"}
{"level":"error","message":"Error creating a user  User with this email already exists","service":"acquisitions-api","stack":"Error: User with this email already exists\n    at createUser (file:///Users/oluwaseunjayeoba/Documents/acquisitions/src/services/auth.service.js:68:13)\n    at process.processTicksAndRejections (node:internal/process/task_queues:105:5)\n    at async signUp (file:///Users/oluwaseunjayeoba/Documents/acquisitions/src/controllers/auth.controller.js:21:21)"}
{"level":"error","message":"Sign up error  User with this email already exists","service":"acquisitions-api","stack":"Error: User with this email already exists\n    at createUser (file:///Users/oluwaseunjayeoba/Documents/acquisitions/src/services/auth.service.js:68:13)\n    at process.processTicksAndRejections (node:internal/process/task_queues:105:5)\n    at async signUp (file:///Users/oluwaseunjayeoba/Documents/acquisitions/src/controllers/auth.controller.js:21:21)"}
{"level":"info","message":"::1 - - [08/Oct/2025:06:39:31 +0000] \"POST /api/auth/sign-up HTTP/1.1\" 409 32 \"-\" \"PostmanRuntime/7.48.0\"","service":"acquisitions-api"}
{"level":"info","message":"User with email seunjay92@gmail.com authenticated successfully!","service":"acquisitions-api"}
{"level":"info","message":"::1 - - [08/Oct/2025:06:41:23 +0000] \"POST /api/auth/sign-in HTTP/1.1\" 200 209 \"-\" \"PostmanRuntime/7.48.0\"","service":"acquisitions-api"}
{"level":"error","message":"Error authenticating user  Invalid password","service":"acquisitions-api","stack":"Error: Invalid password\n    at authenticateUser (file:///Users/oluwaseunjayeoba/Documents/acquisitions/src/services/auth.service.js:43:13)\n    at async signIn (file:///Users/oluwaseunjayeoba/Documents/acquisitions/src/controllers/auth.controller.js:61:18)"}
{"level":"error","message":"Sign in error  Invalid password","service":"acquisitions-api","stack":"Error: Invalid password\n    at authenticateUser (file:///Users/oluwaseunjayeoba/Documents/acquisitions/src/services/auth.service.js:43:13)\n    at async signIn (file:///Users/oluwaseunjayeoba/Documents/acquisitions/src/controllers/auth.controller.js:61:18)"}
{"level":"info","message":"::1 - - [08/Oct/2025:06:41:31 +0000] \"POST /api/auth/sign-in HTTP/1.1\" 401 37 \"-\" \"PostmanRuntime/7.48.0\"","service":"acquisitions-api"}
{"level":"info","message":"User with email seunjay92@gmail.com authenticated successfully!","service":"acquisitions-api"}
{"level":"info","message":"::1 - - [08/Oct/2025:06:41:51 +0000] \"POST /api/auth/sign-in HTTP/1.1\" 200 209 \"-\" \"PostmanRuntime/7.48.0\"","service":"acquisitions-api"}
{"level":"info","message":"User signed out successfully","service":"acquisitions-api"}
{"level":"info","message":"::1 - - [08/Oct/2025:06:43:53 +0000] \"POST /api/auth/sign-out HTTP/1.1\" 200 42 \"-\" \"PostmanRuntime/7.48.0\"","service":"acquisitions-api"}
{"ip":"::1","level":"warn","message":"Bot request blocked","path":"/health","service":"acquisitions-api","userAgent":"PostmanRuntime/7.48.0"}
{"level":"info","message":"::1 - - [08/Oct/2025:07:42:50 +0000] \"GET /health HTTP/1.1\" 200 68 \"-\" \"PostmanRuntime/7.48.0\"","service":"acquisitions-api"}
{"ip":"::1","level":"warn","message":"Bot request blocked","path":"/api/auth/sign-in","service":"acquisitions-api","userAgent":"PostmanRuntime/7.48.0"}
{"level":"info","message":"::1 - - [08/Oct/2025:07:43:18 +0000] \"POST /api/auth/sign-in HTTP/1.1\" 403 68 \"-\" \"PostmanRuntime/7.48.0\"","service":"acquisitions-api"}
{"level":"info","message":"User with email seunjay92@gmail.com authenticated successfully!","service":"acquisitions-api"}
{"code":"ERR_HTTP_HEADERS_SENT","level":"error","message":"Sign in error  Cannot set headers after they are sent to the client","service":"acquisitions-api","stack":"Error [ERR_HTTP_HEADERS_SENT]: Cannot set headers after they are sent to the client\n    at ServerResponse.setHeader (node:_http_outgoing:699:11)\n    at ServerResponse.header (/Users/oluwaseunjayeoba/Documents/acquisitions/node_modules/express/lib/response.js:684:10)\n    at ServerResponse.append (/Users/oluwaseunjayeoba/Documents/acquisitions/node_modules/express/lib/response.js:645:15)\n    at res.cookie (/Users/oluwaseunjayeoba/Documents/acquisitions/node_modules/express/lib/response.js:777:8)\n    at Object.set (file:///Users/oluwaseunjayeoba/Documents/acquisitions/src/utils/cookies.js:11:9)\n    at signIn (file:///Users/oluwaseunjayeoba/Documents/acquisitions/src/controllers/auth.controller.js:69:13)"}
{"level":"info","message":"::1 - - [08/Oct/2025:07:43:50 +0000] \"GET /health HTTP/1.1\" 200 75 \"-\" \"PostmanRuntime/7.48.0\"","service":"acquisitions-api"}
{"ip":"::1","level":"warn","message":"Bot request blocked","path":"/health","service":"acquisitions-api","userAgent":"PostmanRuntime/7.48.0"}
{"level":"info","message":"::1 - - [08/Oct/2025:07:43:59 +0000] \"GET /health HTTP/1.1\" 200 68 \"-\" \"PostmanRuntime/7.48.0\"","service":"acquisitions-api"}
{"ip":"::1","level":"warn","message":"Bot request blocked","path":"/health","service":"acquisitions-api","userAgent":"PostmanRuntime/7.48.0"}
{"level":"info","message":"::1 - - [08/Oct/2025:07:44:56 +0000] \"GET /health HTTP/1.1\" 200 68 \"-\" \"PostmanRuntime/7.48.0\"","service":"acquisitions-api"}
{"level":"info","message":"::1 - - [08/Oct/2025:07:45:27 +0000] \"GET /health HTTP/1.1\" 200 75 \"-\" \"PostmanRuntime/7.48.0\"","service":"acquisitions-api"}
{"level":"info","message":"::1 - - [08/Oct/2025:07:46:10 +0000] \"GET /health HTTP/1.1\" 200 75 \"-\" \"PostmanRuntime/7.48.0\"","service":"acquisitions-api"}
{"level":"info","message":"::1 - - [08/Oct/2025:07:46:45 +0000] \"GET /health HTTP/1.1\" 200 75 \"-\" \"PostmanRuntime/7.48.0\"","service":"acquisitions-api"}
{"level":"info","message":"::1 - - [08/Oct/2025:07:47:12 +0000] \"GET /health HTTP/1.1\" 200 75 \"-\" \"PostmanRuntime/7.48.0\"","service":"acquisitions-api"}
{"level":"info","message":"::1 - - [08/Oct/2025:07:47:42 +0000] \"GET /health HTTP/1.1\" 200 75 \"-\" \"PostmanRuntime/7.48.0\"","service":"acquisitions-api"}
{"level":"info","message":"::1 - - [08/Oct/2025:07:47:56 +0000] \"GET /health HTTP/1.1\" 200 76 \"-\" \"PostmanRuntime/7.48.0\"","service":"acquisitions-api"}
{"level":"info","message":"::1 - - [08/Oct/2025:07:47:59 +0000] \"GET /health HTTP/1.1\" 200 76 \"-\" \"PostmanRuntime/7.48.0\"","service":"acquisitions-api"}
{"level":"info","message":"::1 - - [08/Oct/2025:07:47:59 +0000] \"GET /health HTTP/1.1\" 200 73 \"-\" \"PostmanRuntime/7.48.0\"","service":"acquisitions-api"}
{"level":"info","message":"::1 - - [08/Oct/2025:07:48:00 +0000] \"GET /health HTTP/1.1\" 200 76 \"-\" \"PostmanRuntime/7.48.0\"","service":"acquisitions-api"}
{"level":"info","message":"::1 - - [08/Oct/2025:07:48:00 +0000] \"GET /health HTTP/1.1\" 200 75 \"-\" \"PostmanRuntime/7.48.0\"","service":"acquisitions-api"}
{"level":"info","message":"::1 - - [08/Oct/2025:07:48:01 +0000] \"GET /health HTTP/1.1\" 200 76 \"-\" \"PostmanRuntime/7.48.0\"","service":"acquisitions-api"}
{"level":"info","message":"::1 - - [08/Oct/2025:07:48:01 +0000] \"GET /health HTTP/1.1\" 200 76 \"-\" \"PostmanRuntime/7.48.0\"","service":"acquisitions-api"}
{"level":"info","message":"::1 - - [08/Oct/2025:07:48:02 +0000] \"GET /health HTTP/1.1\" 200 76 \"-\" \"PostmanRuntime/7.48.0\"","service":"acquisitions-api"}
{"level":"info","message":"::1 - - [08/Oct/2025:07:48:03 +0000] \"GET /health HTTP/1.1\" 200 76 \"-\" \"PostmanRuntime/7.48.0\"","service":"acquisitions-api"}
{"level":"info","message":"::1 - - [08/Oct/2025:07:48:03 +0000] \"GET /health HTTP/1.1\" 200 76 \"-\" \"PostmanRuntime/7.48.0\"","service":"acquisitions-api"}
{"level":"info","message":"::1 - - [08/Oct/2025:07:48:03 +0000] \"GET /health HTTP/1.1\" 200 75 \"-\" \"PostmanRuntime/7.48.0\"","service":"acquisitions-api"}
{"level":"info","message":"::1 - - [08/Oct/2025:07:48:04 +0000] \"GET /health HTTP/1.1\" 200 76 \"-\" \"PostmanRuntime/7.48.0\"","service":"acquisitions-api"}
{"level":"info","message":"::1 - - [08/Oct/2025:07:48:04 +0000] \"GET /health HTTP/1.1\" 200 76 \"-\" \"PostmanRuntime/7.48.0\"","service":"acquisitions-api"}
{"level":"info","message":"::1 - - [08/Oct/2025:07:48:04 +0000] \"GET /health HTTP/1.1\" 200 76 \"-\" \"PostmanRuntime/7.48.0\"","service":"acquisitions-api"}
{"level":"info","message":"::1 - - [08/Oct/2025:07:48:06 +0000] \"GET /health HTTP/1.1\" 200 76 \"-\" \"PostmanRuntime/7.48.0\"","service":"acquisitions-api"}
{"level":"info","message":"::1 - - [08/Oct/2025:07:48:06 +0000] \"GET /health HTTP/1.1\" 200 74 \"-\" \"PostmanRuntime/7.48.0\"","service":"acquisitions-api"}
{"level":"info","message":"::1 - - [08/Oct/2025:07:48:09 +0000] \"GET /health HTTP/1.1\" 200 76 \"-\" \"PostmanRuntime/7.48.0\"","service":"acquisitions-api"}
{"level":"info","message":"::1 - - [08/Oct/2025:07:48:09 +0000] \"GET /health HTTP/1.1\" 200 76 \"-\" \"PostmanRuntime/7.48.0\"","service":"acquisitions-api"}
{"level":"info","message":"::1 - - [08/Oct/2025:07:48:13 +0000] \"GET /health HTTP/1.1\" 200 76 \"-\" \"PostmanRuntime/7.48.0\"","service":"acquisitions-api"}
{"level":"info","message":"::1 - - [08/Oct/2025:07:48:13 +0000] \"GET /health HTTP/1.1\" 200 76 \"-\" \"PostmanRuntime/7.48.0\"","service":"acquisitions-api"}
{"level":"info","message":"::1 - - [08/Oct/2025:07:48:14 +0000] \"GET /health HTTP/1.1\" 200 75 \"-\" \"PostmanRuntime/7.48.0\"","service":"acquisitions-api"}
{"level":"info","message":"::1 - - [08/Oct/2025:07:48:14 +0000] \"GET /health HTTP/1.1\" 200 76 \"-\" \"PostmanRuntime/7.48.0\"","service":"acquisitions-api"}
{"level":"info","message":"::1 - - [08/Oct/2025:07:48:14 +0000] \"GET /health HTTP/1.1\" 200 76 \"-\" \"PostmanRuntime/7.48.0\"","service":"acquisitions-api"}
{"level":"info","message":"::1 - - [08/Oct/2025:07:48:15 +0000] \"GET /health HTTP/1.1\" 200 76 \"-\" \"PostmanRuntime/7.48.0\"","service":"acquisitions-api"}
{"level":"info","message":"::1 - - [08/Oct/2025:07:48:15 +0000] \"GET /health HTTP/1.1\" 200 76 \"-\" \"PostmanRuntime/7.48.0\"","service":"acquisitions-api"}
{"level":"info","message":"::1 - - [08/Oct/2025:07:48:15 +0000] \"GET /health HTTP/1.1\" 200 76 \"-\" \"PostmanRuntime/7.48.0\"","service":"acquisitions-api"}
{"level":"info","message":"::1 - - [08/Oct/2025:07:48:16 +0000] \"GET /health HTTP/1.1\" 200 76 \"-\" \"PostmanRuntime/7.48.0\"","service":"acquisitions-api"}
{"level":"info","message":"::1 - - [08/Oct/2025:07:48:16 +0000] \"GET /health HTTP/1.1\" 200 75 \"-\" \"PostmanRuntime/7.48.0\"","service":"acquisitions-api"}
{"level":"info","message":"::1 - - [08/Oct/2025:07:48:16 +0000] \"GET /health HTTP/1.1\" 200 76 \"-\" \"PostmanRuntime/7.48.0\"","service":"acquisitions-api"}
{"level":"info","message":"::1 - - [08/Oct/2025:07:48:17 +0000] \"GET /health HTTP/1.1\" 200 76 \"-\" \"PostmanRuntime/7.48.0\"","service":"acquisitions-api"}
{"level":"info","message":"::1 - - [08/Oct/2025:07:48:17 +0000] \"GET /health HTTP/1.1\" 200 76 \"-\" \"PostmanRuntime/7.48.0\"","service":"acquisitions-api"}
{"level":"info","message":"::1 - - [08/Oct/2025:07:48:18 +0000] \"GET /health HTTP/1.1\" 200 76 \"-\" \"PostmanRuntime/7.48.0\"","service":"acquisitions-api"}
{"level":"info","message":"::1 - - [08/Oct/2025:07:48:18 +0000] \"GET /health HTTP/1.1\" 200 73 \"-\" \"PostmanRuntime/7.48.0\"","service":"acquisitions-api"}
{"level":"info","message":"::1 - - [08/Oct/2025:07:48:42 +0000] \"GET /health HTTP/1.1\" 200 75 \"-\" \"PostmanRuntime/7.48.0\"","service":"acquisitions-api"}
{"level":"info","message":"::1 - - [08/Oct/2025:07:51:38 +0000] \"GET /health HTTP/1.1\" 200 75 \"-\" \"Mozilla/5.0 (Macintosh; Intel Mac OS X 10_15_7) AppleWebKit/537.36 (KHTML, like Gecko) Chrome/140.0.0.0 Safari/537.36\"","service":"acquisitions-api"}
{"level":"info","message":"::1 - - [08/Oct/2025:07:51:51 +0000] \"GET /health HTTP/1.1\" 200 76 \"-\" \"Mozilla/5.0 (Macintosh; Intel Mac OS X 10_15_7) AppleWebKit/537.36 (KHTML, like Gecko) Chrome/140.0.0.0 Safari/537.36\"","service":"acquisitions-api"}
{"level":"info","message":"::1 - - [08/Oct/2025:07:51:51 +0000] \"GET /health HTTP/1.1\" 200 76 \"-\" \"Mozilla/5.0 (Macintosh; Intel Mac OS X 10_15_7) AppleWebKit/537.36 (KHTML, like Gecko) Chrome/140.0.0.0 Safari/537.36\"","service":"acquisitions-api"}
{"level":"info","message":"::1 - - [08/Oct/2025:07:51:51 +0000] \"GET /health HTTP/1.1\" 200 76 \"-\" \"Mozilla/5.0 (Macintosh; Intel Mac OS X 10_15_7) AppleWebKit/537.36 (KHTML, like Gecko) Chrome/140.0.0.0 Safari/537.36\"","service":"acquisitions-api"}
{"level":"info","message":"::1 - - [08/Oct/2025:07:51:52 +0000] \"GET /health HTTP/1.1\" 200 76 \"-\" \"Mozilla/5.0 (Macintosh; Intel Mac OS X 10_15_7) AppleWebKit/537.36 (KHTML, like Gecko) Chrome/140.0.0.0 Safari/537.36\"","service":"acquisitions-api"}
{"ip":"::1","level":"warn","message":"Rate limit exceeded","path":"/health","service":"acquisitions-api","userAgent":"Mozilla/5.0 (Macintosh; Intel Mac OS X 10_15_7) AppleWebKit/537.36 (KHTML, like Gecko) Chrome/140.0.0.0 Safari/537.36"}
{"level":"info","message":"::1 - - [08/Oct/2025:07:51:52 +0000] \"GET /health HTTP/1.1\" 200 51 \"-\" \"Mozilla/5.0 (Macintosh; Intel Mac OS X 10_15_7) AppleWebKit/537.36 (KHTML, like Gecko) Chrome/140.0.0.0 Safari/537.36\"","service":"acquisitions-api"}
{"ip":"::1","level":"warn","message":"Rate limit exceeded","path":"/health","service":"acquisitions-api","userAgent":"Mozilla/5.0 (Macintosh; Intel Mac OS X 10_15_7) AppleWebKit/537.36 (KHTML, like Gecko) Chrome/140.0.0.0 Safari/537.36"}
{"level":"info","message":"::1 - - [08/Oct/2025:07:51:52 +0000] \"GET /health HTTP/1.1\" 200 51 \"-\" \"Mozilla/5.0 (Macintosh; Intel Mac OS X 10_15_7) AppleWebKit/537.36 (KHTML, like Gecko) Chrome/140.0.0.0 Safari/537.36\"","service":"acquisitions-api"}
{"ip":"::1","level":"warn","message":"Rate limit exceeded","path":"/health","service":"acquisitions-api","userAgent":"Mozilla/5.0 (Macintosh; Intel Mac OS X 10_15_7) AppleWebKit/537.36 (KHTML, like Gecko) Chrome/140.0.0.0 Safari/537.36"}
{"level":"info","message":"::1 - - [08/Oct/2025:07:51:52 +0000] \"GET /health HTTP/1.1\" 200 51 \"-\" \"Mozilla/5.0 (Macintosh; Intel Mac OS X 10_15_7) AppleWebKit/537.36 (KHTML, like Gecko) Chrome/140.0.0.0 Safari/537.36\"","service":"acquisitions-api"}
{"level":"info","message":"::1 - - [08/Oct/2025:09:25:31 +0000] \"GET /health HTTP/1.1\" 200 78 \"-\" \"Mozilla/5.0 (Macintosh; Intel Mac OS X 10_15_7) AppleWebKit/537.36 (KHTML, like Gecko) Chrome/140.0.0.0 Safari/537.36\"","service":"acquisitions-api"}
